Android/FlatLoad_Real/app/build/intermediates/manifest_merge_blame_file/debug/manifest-merger-blame-debug-report.txt
1<?xml version="1.0" encoding="utf-8"?>
2<manifest xmlns:android="http://schemas.android.com/apk/res/android"
3    package="com.example.flatload"
4    android:versionCode="1"
5    android:versionName="1.0" >
6
7    <uses-sdk
8        android:minSdkVersion="28"
8-->src/main/AndroidManifest.xml
9        android:targetSdkVersion="33" />
9-->src/main/AndroidManifest.xml
10
11    <uses-permission android:name="android.permission.WRITE_EXTERNAL_STORAGE" />
11-->src/main/AndroidManifest.xml:3:5-81
11-->src/main/AndroidManifest.xml:3:22-78
12    <uses-permission android:name="android.permission.ACCESS_FINE_LOCATION" />
12-->src/main/AndroidManifest.xml:4:5-79
12-->src/main/AndroidManifest.xml:4:22-76
13    <uses-permission android:name="android.permission.ACCESS_COARSE_LOCATION" />
13-->src/main/AndroidManifest.xml:5:5-81
13-->src/main/AndroidManifest.xml:5:22-78
14    <uses-permission android:name="android.permission.INTERNET" />
14-->src/main/AndroidManifest.xml:6:5-67
14-->src/main/AndroidManifest.xml:6:22-64
15    <uses-permission android:name="android.permission.CALL_PHONE" />
15-->src/main/AndroidManifest.xml:7:5-69
15-->src/main/AndroidManifest.xml:7:22-66
16    <uses-permission android:name="android.permission.ACCESS_NETWORK_STATE" />
16-->src/main/AndroidManifest.xml:8:5-79
16-->src/main/AndroidManifest.xml:8:22-76
17    <uses-permission android:name="android.permission.BLUETOOTH" />
17-->src/main/AndroidManifest.xml:9:5-68
17-->src/main/AndroidManifest.xml:9:22-65
18    <uses-permission android:name="android.permission.RECORD_AUDIO" />
18-->src/main/AndroidManifest.xml:10:5-71
18-->src/main/AndroidManifest.xml:10:22-68
19
20    <uses-feature
20-->[com.naver.maps:map-sdk:3.12.0] AndroidManifest.xml:9:5-11:35
21        android:glEsVersion="0x00020000"
21-->[com.naver.maps:map-sdk:3.12.0] AndroidManifest.xml:10:9-41
22        android:required="true" />
22-->[com.naver.maps:map-sdk:3.12.0] AndroidManifest.xml:11:9-32
23    <uses-feature
23-->[com.naver.maps:map-sdk:3.12.0] AndroidManifest.xml:12:5-14:36
24        android:name="android.hardware.wifi"
24-->[com.naver.maps:map-sdk:3.12.0] AndroidManifest.xml:13:9-45
25        android:required="false" />
25-->[com.naver.maps:map-sdk:3.12.0] AndroidManifest.xml:14:9-33
26
27    <uses-permission android:name="android.permission.ACCESS_WIFI_STATE" />
27-->[com.naver.maps:map-sdk:3.12.0] AndroidManifest.xml:18:5-76
27-->[com.naver.maps:map-sdk:3.12.0] AndroidManifest.xml:18:22-73
28
29    <queries>
29-->[com.google.android.gms:play-services-maps:17.0.1] AndroidManifest.xml:30:5-34:15
30
31        <!-- Needs to be explicitly declared on Android R+ -->
32        <package android:name="com.google.android.apps.maps" />
32-->[com.google.android.gms:play-services-maps:17.0.1] AndroidManifest.xml:33:9-64
32-->[com.google.android.gms:play-services-maps:17.0.1] AndroidManifest.xml:33:18-61
33    </queries> <!-- Required for CrashReporterJobIntentService on API levels below 25 -->
34    <uses-permission android:name="android.permission.WAKE_LOCK" />
34-->[com.mapbox.mapboxsdk:mapbox-android-telemetry:5.0.1] AndroidManifest.xml:12:5-68
34-->[com.mapbox.mapboxsdk:mapbox-android-telemetry:5.0.1] AndroidManifest.xml:12:22-65
35
36    <application
36-->src/main/AndroidManifest.xml:12:5-51:19
37        android:allowBackup="true"
37-->src/main/AndroidManifest.xml:13:9-35
38        android:appComponentFactory="androidx.core.app.CoreComponentFactory"
38-->[androidx.core:core:1.5.0] AndroidManifest.xml:24:18-86
39        android:debuggable="true"
40        android:extractNativeLibs="false"
41        android:icon="@mipmap/ic_launcher"
41-->src/main/AndroidManifest.xml:17:9-43
42        android:label="@string/app_name"
42-->src/main/AndroidManifest.xml:19:9-41
43        android:networkSecurityConfig="@xml/network_security_config"
43-->src/main/AndroidManifest.xml:14:9-69
44        android:roundIcon="@mipmap/ic_launcher_round"
44-->src/main/AndroidManifest.xml:18:9-54
45        android:supportsRtl="true"
45-->src/main/AndroidManifest.xml:15:9-35
46        android:testOnly="true"
47        android:theme="@style/AppTheme" >
47-->src/main/AndroidManifest.xml:16:9-40
48        <activity android:name="com.example.flatload.DatabaseResultActivity" />
48-->src/main/AndroidManifest.xml:21:9-69
48-->src/main/AndroidManifest.xml:21:19-57
49        <activity android:name="com.example.flatload.MarkerResultActivity" />
49-->src/main/AndroidManifest.xml:22:9-67
49-->src/main/AndroidManifest.xml:22:19-55
50        <activity android:name="com.example.flatload.TestGetServerActivity" />
50-->src/main/AndroidManifest.xml:23:9-59
50-->src/main/AndroidManifest.xml:23:19-56
51        <activity
51-->src/main/AndroidManifest.xml:25:9-31:20
52            android:name="com.example.flatload.MainActivity"
52-->src/main/AndroidManifest.xml:25:19-47
53            android:exported="true" >
53-->src/main/AndroidManifest.xml:26:13-36
54            <intent-filter>
54-->src/main/AndroidManifest.xml:27:13-30:29
55                <action android:name="android.intent.action.MAIN" />
55-->src/main/AndroidManifest.xml:28:17-69
55-->src/main/AndroidManifest.xml:28:25-66
56
57                <category android:name="android.intent.category.LAUNCHER" />
57-->src/main/AndroidManifest.xml:29:17-77
57-->src/main/AndroidManifest.xml:29:27-74
58            </intent-filter>
59        </activity>
60
61        <meta-data
61-->src/main/AndroidManifest.xml:33:9-35:69
62            android:name="com.google.android.gms.version"
62-->src/main/AndroidManifest.xml:34:13-58
63            android:value="@integer/google_play_services_version" />
63-->src/main/AndroidManifest.xml:35:13-66
64        <meta-data
64-->src/main/AndroidManifest.xml:36:9-38:41
65            android:name="com.naver.maps.map.CLIENT_ID"
65-->src/main/AndroidManifest.xml:37:13-56
66            android:value="l56nu9rxxp" />
66-->src/main/AndroidManifest.xml:38:13-39
67
68        <provider
68-->src/main/AndroidManifest.xml:39:9-47:20
69            android:name="androidx.core.content.FileProvider"
69-->src/main/AndroidManifest.xml:40:13-62
70            android:authorities="com.example.flatload.provider"
70-->src/main/AndroidManifest.xml:41:13-64
71            android:exported="false"
71-->src/main/AndroidManifest.xml:42:13-37
72            android:grantUriPermissions="true" >
72-->src/main/AndroidManifest.xml:43:13-47
73            <meta-data
73-->src/main/AndroidManifest.xml:44:13-46:53
74                android:name="android.support.FILE_PROVIDER_PATHS"
74-->src/main/AndroidManifest.xml:45:17-67
75                android:resource="@xml/file_path" />
75-->src/main/AndroidManifest.xml:46:17-50
76        </provider>
77
78        <meta-data
78-->src/main/AndroidManifest.xml:48:9-50:52
79            android:name="com.kakao.sdk.AppKey"
79-->src/main/AndroidManifest.xml:49:13-48
80            android:value="@string/app_key_kakao" />
80-->src/main/AndroidManifest.xml:50:13-50
81
82        <activity
82-->[com.naver.maps:map-sdk:3.12.0] AndroidManifest.xml:21:9-25:51
83            android:name="com.naver.maps.map.app.LegendActivity"
83-->[com.naver.maps:map-sdk:3.12.0] AndroidManifest.xml:22:13-65
84            android:configChanges="screenSize|smallestScreenSize|screenLayout|orientation"
84-->[com.naver.maps:map-sdk:3.12.0] AndroidManifest.xml:23:13-91
85            android:label="@string/navermap_legend"
85-->[com.naver.maps:map-sdk:3.12.0] AndroidManifest.xml:24:13-52
86            android:theme="@style/navermap_app" />
86-->[com.naver.maps:map-sdk:3.12.0] AndroidManifest.xml:25:13-48
87        <activity
87-->[com.naver.maps:map-sdk:3.12.0] AndroidManifest.xml:26:9-30:51
88            android:name="com.naver.maps.map.app.LegalNoticeActivity"
88-->[com.naver.maps:map-sdk:3.12.0] AndroidManifest.xml:27:13-70
89            android:configChanges="screenSize|smallestScreenSize|screenLayout|orientation"
89-->[com.naver.maps:map-sdk:3.12.0] AndroidManifest.xml:28:13-91
90            android:label="@string/navermap_legal_notice"
90-->[com.naver.maps:map-sdk:3.12.0] AndroidManifest.xml:29:13-58
91            android:theme="@style/navermap_app" />
91-->[com.naver.maps:map-sdk:3.12.0] AndroidManifest.xml:30:13-48
92        <activity
92-->[com.naver.maps:map-sdk:3.12.0] AndroidManifest.xml:31:9-35:51
93            android:name="com.naver.maps.map.app.OpenSourceLicenseActivity"
93-->[com.naver.maps:map-sdk:3.12.0] AndroidManifest.xml:32:13-76
94            android:configChanges="screenSize|smallestScreenSize|screenLayout|orientation"
94-->[com.naver.maps:map-sdk:3.12.0] AndroidManifest.xml:33:13-91
95            android:label="@string/navermap_open_source_license"
95-->[com.naver.maps:map-sdk:3.12.0] AndroidManifest.xml:34:13-65
96            android:theme="@style/navermap_app" /> <!-- Needs to be explicitly declared on P+ -->
96-->[com.naver.maps:map-sdk:3.12.0] AndroidManifest.xml:35:13-48
97        <uses-library
97-->[com.google.android.gms:play-services-maps:17.0.1] AndroidManifest.xml:39:9-41:40
98            android:name="org.apache.http.legacy"
98-->[com.google.android.gms:play-services-maps:17.0.1] AndroidManifest.xml:40:13-50
99            android:required="false" />
99-->[com.google.android.gms:play-services-maps:17.0.1] AndroidManifest.xml:41:13-37
100
101        <activity
101-->[com.google.android.gms:play-services-base:17.5.0] AndroidManifest.xml:23:9-26:75
102            android:name="com.google.android.gms.common.api.GoogleApiActivity"
102-->[com.google.android.gms:play-services-base:17.5.0] AndroidManifest.xml:24:13-79
103            android:exported="false"
103-->[com.google.android.gms:play-services-base:17.5.0] AndroidManifest.xml:25:13-37
104            android:theme="@android:style/Theme.Translucent.NoTitleBar" />
104-->[com.google.android.gms:play-services-base:17.5.0] AndroidManifest.xml:26:13-72
105
106        <provider
106-->[com.mapbox.mapboxsdk:mapbox-android-telemetry:5.0.1] AndroidManifest.xml:18:9-22:39
107            android:name="com.mapbox.android.telemetry.provider.MapboxTelemetryInitProvider"
107-->[com.mapbox.mapboxsdk:mapbox-android-telemetry:5.0.1] AndroidManifest.xml:19:13-93
108            android:authorities="com.example.flatload.mapboxtelemetryinitprovider"
108-->[com.mapbox.mapboxsdk:mapbox-android-telemetry:5.0.1] AndroidManifest.xml:20:13-79
109            android:exported="false"
109-->[com.mapbox.mapboxsdk:mapbox-android-telemetry:5.0.1] AndroidManifest.xml:21:13-37
110            android:initOrder="100" />
110-->[com.mapbox.mapboxsdk:mapbox-android-telemetry:5.0.1] AndroidManifest.xml:22:13-36
111
112        <service
112-->[com.mapbox.mapboxsdk:mapbox-android-telemetry:5.0.1] AndroidManifest.xml:24:9-26:72
113            android:name="com.mapbox.android.telemetry.errors.ErrorReporterJobIntentService"
113-->[com.mapbox.mapboxsdk:mapbox-android-telemetry:5.0.1] AndroidManifest.xml:25:13-93
114            android:permission="android.permission.BIND_JOB_SERVICE" />
114-->[com.mapbox.mapboxsdk:mapbox-android-telemetry:5.0.1] AndroidManifest.xml:26:13-69
115
116        <provider
116-->[androidx.lifecycle:lifecycle-process:2.4.0] AndroidManifest.xml:26:9-34:20
117            android:name="androidx.startup.InitializationProvider"
117-->[androidx.lifecycle:lifecycle-process:2.4.0] AndroidManifest.xml:27:13-67
118            android:authorities="com.example.flatload.androidx-startup"
118-->[androidx.lifecycle:lifecycle-process:2.4.0] AndroidManifest.xml:28:13-68
119            android:exported="false" >
119-->[androidx.lifecycle:lifecycle-process:2.4.0] AndroidManifest.xml:29:13-37
120            <meta-data
120-->[androidx.lifecycle:lifecycle-process:2.4.0] AndroidManifest.xml:31:13-33:52
121                android:name="androidx.lifecycle.ProcessLifecycleInitializer"
121-->[androidx.lifecycle:lifecycle-process:2.4.0] AndroidManifest.xml:32:17-78
122                android:value="androidx.startup" />
122-->[androidx.lifecycle:lifecycle-process:2.4.0] AndroidManifest.xml:33:17-49
123        </provider>
124    </application>
125
126</manifest>